#
# A fatal error has been detected by the Java Runtime Environment:
#
#  EXCEPTION_ACCESS_VIOLATION (0xc0000005) at pc=0x00007fffdaad6a0c, pid=3148, tid=18880
#
# JRE version: OpenJDK Runtime Environment (23.0+37) (build 23+37-2369)
# Java VM: OpenJDK 64-Bit Server VM (23+37-2369, mixed mode, sharing, tiered, compressed oops, compressed class ptrs, g1 gc, windows-amd64)
# Problematic frame:
# C  [jdwp.dll+0x26a0c]
#
# No core dump will be written. Minidumps are not enabled by default on client versions of Windows
#
# If you would like to submit a bug report, please visit:
#   https://bugreport.java.com/bugreport/crash.jsp
# The crash happened outside the Java Virtual Machine in native code.
# See problematic frame for where to report the bug.
#

---------------  S U M M A R Y ------------

Command Line: -agentlib:jdwp=transport=dt_socket,address=127.0.0.1:50400,suspend=y,server=n -agentpath:C:\Users\Jace\AppData\Local\Temp\idea_libasyncProfiler_dll_temp_folder\libasyncProfiler.dll=version,jfr,event=wall,interval=10ms,cstack=no,file=C:\Users\Jace\IdeaSnapshots\Structure1_3D_2025_03_07_154506.jfr,dbghelppath=C:\Users\Jace\AppData\Local\Temp\idea_dbghelp_dll_temp_folder\dbghelp.dll,log=C:\Users\Jace\AppData\Local\Temp\Structure1_3D_2025_03_07_154506.jfr.log.txt,logLevel=DEBUG -javaagent:C:\Users\Jace\AppData\Local\JetBrains\IntelliJIdea2024.3\captureAgent\debugger-agent.jar -Dkotlinx.coroutines.debug.enable.creation.stack.trace=false -Ddebugger.agent.enable.coroutines=true -Dkotlinx.coroutines.debug.enable.flows.stack.trace=true -Dkotlinx.coroutines.debug.enable.mutable.state.flows.stack.trace=true -Dfile.encoding=UTF-8 -Dsun.stdout.encoding=UTF-8 -Dsun.stderr.encoding=UTF-8 org.lwjgl.demo.opengl.Structure1_3D

Host: AMD Ryzen 7 3700X 8-Core Processor             , 16 cores, 31G,  Windows 11 , 64 bit Build 26100 (10.0.26100.3037)
Time: Fri Mar  7 15:45:07 2025 Mitteleuropäische Zeit elapsed time: 0.672799 seconds (0d 0h 0m 0s)

---------------  T H R E A D  ---------------

Current thread (0x0000023aac353390):  JavaThread "main"             [_thread_in_native, id=18880, stack(0x0000004534400000,0x0000004534500000) (1024K)]

Stack: [0x0000004534400000,0x0000004534500000],  sp=0x00000045344fe678,  free space=1017k
Native frames: (J=compiled Java code, j=interpreted, Vv=VM code, C=native code)
C  [jdwp.dll+0x26a0c]  (no source info available)
C  [jdwp.dll+0x161f3]  (no source info available)
C  [jdwp.dll+0x12873]  (no source info available)
V  [jvm.dll+0x5990d7]  (no source info available)
V  [jvm.dll+0x3c10e6]  (no source info available)
V  [jvm.dll+0x3bfd37]  (no source info available)
V  [jvm.dll+0x3bfcd8]  (no source info available)
V  [jvm.dll+0x5e6039]  (no source info available)
V  [jvm.dll+0x5e4f74]  (no source info available)
V  [jvm.dll+0x3d5bcd]  (no source info available)
V  [jvm.dll+0x3d51cd]  (no source info available)
C  0x0000023abcb44f5c  (no source info available)

The last pc belongs to invokestatic (printed below).
Java frames: (J=compiled Java code, j=interpreted, Vv=VM code)
j  jdk.internal.reflect.MethodHandleAccessorFactory.newFieldAccessor(Ljava/lang/reflect/Field;Z)Ljdk/internal/reflect/FieldAccessorImpl;+170 java.base@23
j  jdk.internal.reflect.ReflectionFactory.newFieldAccessor(Ljava/lang/reflect/Field;Z)Ljdk/internal/reflect/FieldAccessor;+76 java.base@23
j  java.lang.reflect.Field.acquireFieldAccessor()Ljdk/internal/reflect/FieldAccessor;+35 java.base@23
j  java.lang.reflect.Field.getFieldAccessor()Ljdk/internal/reflect/FieldAccessor;+14 java.base@23
j  java.lang.reflect.Field.getInt(Ljava/lang/Object;)I+18 java.base@23
j  org.lwjgl.system.APIUtil.apiClassTokens(Ljava/util/function/BiPredicate;Ljava/util/Map;[Ljava/lang/Class;)Ljava/util/Map;+104
j  org.lwjgl.glfw.GLFWErrorCallback$1.<init>(Ljava/io/PrintStream;)V+25
j  org.lwjgl.glfw.GLFWErrorCallback.createPrint(Ljava/io/PrintStream;)Lorg/lwjgl/glfw/GLFWErrorCallback;+5
j  org.lwjgl.demo.util.OGLApp.init(Ljava/lang/String;II)V+3
j  org.lwjgl.demo.util.OGLApp.run(Ljava/lang/String;IILorg/lwjgl/demo/util/Color4D;)V+19
j  org.lwjgl.demo.opengl.Structure1_3D.main([Ljava/lang/String;)V+36
v  ~StubRoutines::call_stub 0x0000023abcb20fcd

siginfo: EXCEPTION_ACCESS_VIOLATION (0xc0000005), reading address 0xffffffffffffffff


Registers:
RAX=0x0000023ad2c70a50, RBX=0x0000023ad2333d10, RCX=0x0000023aac353750, RDX=0x0000023ad2333d10
RSP=0x00000045344fe678, RBP=0x0000000000000002, RSI=0x00000045344fe720, RDI=0x0000023aac353750
R8 =0x0000000000010002, R9 =0x0000000000000000, R10=0x00007fffdb1d0000, R11=0x00000045344fe648
R12=0x0000000000000007, R13=0x0000023ad2333d10, R14=0x00007fffdaae0400, R15=0x0000000000000000
RIP=0x00007fffdaad6a0c, EFLAGS=0x0000000000010202


Register to memory mapping:

RAX=0x0000023ad2c70a50 points into unknown readable memory: 0x0000000000000000 | 00 00 00 00 00 00 00 00
RBX=0x0000023ad2333d10 points into unknown readable memory: 0x0000000620c0a4d8 | d8 a4 c0 20 06 00 00 00
RCX=0x0000023aac353750 points into unknown readable memory: 0x0000023ad2c70a50 | 50 0a c7 d2 3a 02 00 00
RDX=0x0000023ad2333d10 points into unknown readable memory: 0x0000000620c0a4d8 | d8 a4 c0 20 06 00 00 00
RSP=0x00000045344fe678 is pointing into the stack for thread: 0x0000023aac353390
RBP=0x0000000000000002 is an unknown value
RSI=0x00000045344fe720 is pointing into the stack for thread: 0x0000023aac353390
RDI=0x0000023aac353750 points into unknown readable memory: 0x0000023ad2c70a50 | 50 0a c7 d2 3a 02 00 00
R8 =0x0000000000010002 is an unknown value
R9 =0x0 is null
R10=0x00007fffdb1d0000 VCRUNTIME140.dll
R11=0x00000045344fe648 is pointing into the stack for thread: 0x0000023aac353390
R12=0x0000000000000007 is an unknown value
R13=0x0000023ad2333d10 points into unknown readable memory: 0x0000000620c0a4d8 | d8 a4 c0 20 06 00 00 00
R14=0x00007fffdaae0400 jdwp.dll
R15=0x0 is null

Top of Stack: (sp=0x00000045344fe678)
0x00000045344fe678:   00007fffdaac61f3 0000023ad2333d10
0x00000045344fe688:   00000045344fe720 0000000000000000
0x00000045344fe698:   0000000000000000 0000023aac7a4750
0x00000045344fe6a8:   0000000000000020 0000023aaa2ce150
0x00000045344fe6b8:   00007fffdaae0428 0000023aac353968
0x00000045344fe6c8:   00007fffdaac2873 0000023ad2333d10
0x00000045344fe6d8:   0000000000000002 0000023aac353750
0x00000045344fe6e8:   0000023ad2333d18 00000045344fea50
0x00000045344fe6f8:   00007ffefbdf13b9 00007ffefc7d3810
0x00000045344fe708:   0000023ad23bacd0 0000000000000000
0x00000045344fe718:   0000023ad4028958 0000000000000007
0x00000045344fe728:   0000023ad2333d10 0000000000000000
0x00000045344fe738:   0000023ad2333d18 0000000000000000
0x00000045344fe748:   0000000000000000 0000000000000000
0x00000045344fe758:   0000000000000000 0000000000000000
0x00000045344fe768:   0000000000000000 0000000000000000
0x00000045344fe778:   0000023aac353968 0000023ad402bba0
0x00000045344fe788:   00007ffefc0f90d7 0000023ad2333d18
0x00000045344fe798:   0000023aac4ce7e0 0000023aac353390
0x00000045344fe7a8:   0000023aac353a00 0000023ad34ca4d0
0x00000045344fe7b8:   0000023aaa2e6560 0000023ad34ca4e0
0x00000045344fe7c8:   0000000000000001 0000023ad402bba0
0x00000045344fe7d8:   00007ffefbdef392 0000c308e3f05595
0x00000045344fe7e8:   0000023ad3665d50 0000023aac7ad370
0x00000045344fe7f8:   0000023aac353a00 0000023aac353a10
0x00000045344fe808:   0000023aac353de8 00000000000003d8
0x00000045344fe818:   0000023aac353390 0000023aac353390
0x00000045344fe828:   0000023aac7ad2b0 0000023aac351160
0x00000045344fe838:   0000023aac351178 0000023aac351248
0x00000045344fe848:   00000000000000d8 00000045344fe860
0x00000045344fe858:   00007ffefc20e0e3 0000023aac353390
0x00000045344fe868:   0000023aac7ad2b0 0000023aac351160 

Instructions: (pc=0x00007fffdaad6a0c)
0x00007fffdaad690c:   05 df 07 01 00 48 8b 03 48 8b d7 4d 8b 40 30 48
0x00007fffdaad691c:   8b cb 48 8b 5c 24 30 48 83 c4 20 5f 48 ff a0 00
0x00007fffdaad692c:   01 00 00 cc 48 89 5c 24 08 57 48 83 ec 20 48 8b
0x00007fffdaad693c:   f9 e8 f2 ea ff ff 4c 8b 05 a7 07 01 00 48 8b d8
0x00007fffdaad694c:   41 f6 80 10 02 00 00 02 74 33 41 b8 0f 06 00 00
0x00007fffdaad695c:   48 8d 15 15 c3 00 00 48 8d 0d 5a 5a 00 00 e8 19
0x00007fffdaad696c:   48 ff ff 48 8d 15 62 99 00 00 48 8d 0d 5b 5a 00
0x00007fffdaad697c:   00 e8 ae 48 ff ff 4c 8b 05 67 07 01 00 48 8b 03
0x00007fffdaad698c:   48 8b d7 4d 8b 40 38 48 8b cb 48 8b 5c 24 30 48
0x00007fffdaad699c:   83 c4 20 5f 48 ff a0 00 01 00 00 cc 48 89 5c 24
0x00007fffdaad69ac:   08 57 48 83 ec 20 48 8b f9 e8 7a ea ff ff 48 8b
0x00007fffdaad69bc:   15 2f 07 01 00 48 8b d8 f6 82 10 02 00 00 02 74
0x00007fffdaad69cc:   2c 41 b8 01 06 00 00 48 8d 15 9e c2 00 00 48 8d
0x00007fffdaad69dc:   0d e3 59 00 00 e8 a2 47 ff ff 48 8d 15 33 6a 00
0x00007fffdaad69ec:   00 48 8d 0d e4 59 00 00 e8 37 48 ff ff 48 8b 03
0x00007fffdaad69fc:   48 8b d7 48 8b cb 48 8b 5c 24 30 48 83 c4 20 5f
0x00007fffdaad6a0c:   48 ff a0 50 07 00 00 cc 48 89 5c 24 08 48 89 74
0x00007fffdaad6a1c:   24 10 48 89 7c 24 18 41 56 48 83 ec 20 4c 63 f2
0x00007fffdaad6a2c:   49 8b d8 48 8b d1 41 8b f9 48 8b cb 4d 8d 46 ff
0x00007fffdaad6a3c:   ff 15 2e 58 00 00 85 c0 75 3c 41 0f be 44 1e ff
0x00007fffdaad6a4c:   3b c7 75 32 49 03 de eb 10 0f be c8 ff 15 02 58
0x00007fffdaad6a5c:   00 00 85 c0 74 09 48 ff c3 8a 03 84 c0 75 ea 80
0x00007fffdaad6a6c:   3b 3b 74 12 8b d7 48 8b cb e8 38 4b 00 00 48 85
0x00007fffdaad6a7c:   c0 0f 94 c0 eb 02 32 c0 48 8b 5c 24 30 48 8b 74
0x00007fffdaad6a8c:   24 38 48 8b 7c 24 40 48 83 c4 20 41 5e c3 cc cc
0x00007fffdaad6a9c:   0f b6 d1 83 fa 1e 0f 87 83 00 00 00 74 7b 83 fa
0x00007fffdaad6aac:   07 77 41 74 39 83 ea 01 74 2e 83 ea 01 74 23 83
0x00007fffdaad6abc:   ea 01 74 18 83 ea 01 74 0d 83 fa 02 0f 85 8a 00
0x00007fffdaad6acc:   00 00 8d 42 03 c3 b8 04 00 00 00 c3 b8 03 00 00
0x00007fffdaad6adc:   00 c3 b8 02 00 00 00 c3 b8 01 00 00 00 c3 b8 06
0x00007fffdaad6aec:   00 00 00 c3 b8 08 00 00 00 2b d0 74 26 83 ea 01
0x00007fffdaad6afc:   0f 84 88 00 00 00 83 ea 01 74 12 b8 0a 00 00 00 


Stack slot to memory mapping:

stack at sp + 0 slots: 0x00007fffdaac61f3 jdwp.dll
stack at sp + 1 slots: 0x0000023ad2333d10 points into unknown readable memory: 0x0000000620c0a4d8 | d8 a4 c0 20 06 00 00 00
stack at sp + 2 slots: 0x00000045344fe720 is pointing into the stack for thread: 0x0000023aac353390
stack at sp + 3 slots: 0x0 is null
stack at sp + 4 slots: 0x0 is null
stack at sp + 5 slots: 0x0000023aac7a4750 points into unknown readable memory: 0x0000023aaa2ce0e0 | e0 e0 2c aa 3a 02 00 00
stack at sp + 6 slots: 0x0000000000000020 is an unknown value
stack at sp + 7 slots: 0x0000023aaa2ce150 points into unknown readable memory: 0x8000001200000001 | 01 00 00 00 12 00 00 80

Lock stack of current Java thread (top to bottom):
LockStack[0]: [I 
{0x0000000620728fc8} - klass: {type array int}
 - length: 0

invokestatic  184 invokestatic  [0x0000023abcb44ec0, 0x0000023abcb45260]  928 bytes
[MachCode]
  0x0000023abcb44ec0: 4883 ec08 | c5fa 1104 | 24eb 1f48 | 83ec 10c5 | fb11 0424 | eb14 4883 | ec10 4889 | 0424 48c7 
  0x0000023abcb44ee0: 4424 0800 | 0000 00eb | 0150 488b | 4dd0 410f | b755 0148 | 8b49 306b | d218 488d | 4c11 080f 
  0x0000023abcb44f00: b659 1681 | fbb8 0000 | 000f 8474 | 0100 00bb | b800 0000 | e805 0000 | 00e9 5001 | 0000 488b 
  0x0000023abcb44f20: d348 8d44 | 2408 4c89 | 6dc0 498b | cfc5 f877 | 4989 afb0 | 0300 0049 | 8987 a003 | 0000 4883 
  0x0000023abcb44f40: ec20 40f6 | c40f 0f84 | 1900 0000 | 4883 ec08 | 48b8 6051 | f3fb fe7f | 0000 ffd0 | 4883 c408 
  0x0000023abcb44f60: e90c 0000 | 0048 b860 | 51f3 fbfe | 7f00 00ff | d048 83c4 | 2049 c787 | a003 0000 | 0000 0000 
  0x0000023abcb44f80: 49c7 87b0 | 0300 0000 | 0000 0049 | c787 a803 | 0000 0000 | 0000 c5f8 | 7741 8b8f | 2c05 0000 
  0x0000023abcb44fa0: f6c1 010f | 8442 0000 | 00f6 c102 | 0f85 3900 | 0000 4883 | ec20 40f6 | c40f 0f84 | 1900 0000 
  0x0000023abcb44fc0: 4883 ec08 | 48b8 10fc | f2fb fe7f | 0000 ffd0 | 4883 c408 | e90c 0000 | 0048 b810 | fcf2 fbfe 
  0x0000023abcb44fe0: 7f00 00ff | d048 83c4 | 20ff e049 | 8b8f d805 | 0000 4885 | c90f 8455 | 0000 008b | 899c 0000 
  0x0000023abcb45000: 0083 f901 | 0f85 4600 | 0000 498b | 8fd8 0500 | 008b 89a0 | 0000 0048 | 83ec 2040 | f6c4 0f0f 
  0x0000023abcb45020: 8419 0000 | 0048 83ec | 0848 b800 | fcf2 fbfe | 7f00 00ff | d048 83c4 | 08e9 0c00 | 0000 48b8 
  0x0000023abcb45040: 00fc f2fb | fe7f 0000 | ffd0 4883 | c420 ffe0 | 4983 7f08 | 000f 8405 | 0000 00e9 | 60be fdff 
  0x0000023abcb45060: 4c8b 6dc0 | 4c8b 75c8 | 4e8d 74f5 | 00c3 488b | 4dd0 410f | b755 0148 | 8b49 306b | d218 488d 
  0x0000023abcb45080: 4c11 0848 | 8b19 488b | 5b08 488b | 5b08 488b | 5b18 80bb | 3101 0000 | 040f 840d | 0000 004c 
  0x0000023abcb450a0: 3bbb 3801 | 0000 0f85 | 63fe ffff | 0fb6 5115 | 488b 194c | 896d c044 | 8bea 0fb6 | 5114 49ba 
  0x0000023abcb450c0: 6035 7efc | fe7f 0000 | 498b 14d2 | 5241 8bd5 | 4c8b 6dc0 | 488b 45d8 | 4885 c00f | 8412 0000 
  0x0000023abcb450e0: 0048 8340 | 0801 4883 | 5808 0048 | 83c0 1048 | 8945 d848 | 8b45 d848 | 85c0 0f84 | 3d01 0000 
  0x0000023abcb45100: 8078 f00a | 0f85 3301 | 0000 4883 | c008 4c8b | 68f8 4183 | ed00 4183 | fd02 0f8c | 1201 0000 
  0x0000023abcb45120: 4c8b 6b08 | 450f b76d | 2e4c 2b28 | 4183 ed01 | 4e8b 6cec | 084d 85ed | 750e f640 | 0801 7558 
  0x0000023abcb45140: f048 8348 | 0801 eb50 | 458b 6d08 | 49ba 0000 | 00d3 3a02 | 0000 4d03 | ea4d 8bd5 | 4c33 6808 
  0x0000023abcb45160: 49f7 c5fc | ffff ff74 | 2f41 f6c5 | 0275 2948 | 8378 0800 | 741e 4883 | 7808 0174 | 174d 8bea 
  0x0000023abcb45180: 4c33 6808 | 49f7 c5fc | ffff ff74 | 0b48 8348 | 0802 eb04 | 4c89 6808 | 4883 c010 | 4c8b 68e8 
  0x0000023abcb451a0: 4183 ed02 | 4183 fd02 | 0f8c 8400 | 0000 4c8b | 6b08 450f | b76d 2e4c | 2b28 4183 | ed01 4e8b 
  0x0000023abcb451c0: 6cec 084d | 85ed 750e | f640 0801 | 7558 f048 | 8348 0801 | eb50 458b | 6d08 49ba | 0000 00d3 
  0x0000023abcb451e0: 3a02 0000 | 4d03 ea4d | 8bd5 4c33 | 6808 49f7 | c5fc ffff | ff74 2f41 | f6c5 0275 | 2948 8378 
  0x0000023abcb45200: 0800 741e | 4883 7808 | 0174 174d | 8bea 4c33 | 6808 49f7 | c5fc ffff | ff74 0b48 | 8348 0802 
  0x0000023abcb45220: eb04 4c89 | 6808 4883 | c010 4c8b | 68d8 4183 | ed04 41c1 | e503 4903 | c548 8945 | d84c 8d6c 
  0x0000023abcb45240: 2408 498b | cd48 2bcd | 48c1 f903 | 4889 4df0 | 4180 bfe0 | 0500 0000 | 7403 ff63 | 38ff 6350 
[/MachCode]

---------------  P R O C E S S  ---------------

Threads class SMR info:
_java_thread_list=0x0000023ad2730020, length=16, elements={
0x0000023aac353390, 0x0000023ad2350ea0, 0x0000023ad2351900, 0x0000023ad2356ce0,
0x0000023ad2359ae0, 0x0000023ad235ab10, 0x0000023ad235d7a0, 0x0000023ad2366890,
0x0000023ad2369ba0, 0x0000023ad231b910, 0x0000023ad236a270, 0x0000023ad236bdb0,
0x0000023ad25e6000, 0x0000023ad26977e0, 0x0000023ad268f750, 0x0000023ad2791620
}

Java Threads: ( => current thread )
=>0x0000023aac353390 JavaThread "main"                              [_thread_in_native, id=18880, stack(0x0000004534400000,0x0000004534500000) (1024K)]
  0x0000023ad2350ea0 JavaThread "Reference Handler"          daemon [_thread_blocked, id=30244, stack(0x0000004534c00000,0x0000004534d00000) (1024K)]
  0x0000023ad2351900 JavaThread "Finalizer"                  daemon [_thread_blocked, id=11624, stack(0x0000004534d00000,0x0000004534e00000) (1024K)]
  0x0000023ad2356ce0 JavaThread "Signal Dispatcher"          daemon [_thread_blocked, id=18796, stack(0x0000004534e00000,0x0000004534f00000) (1024K)]
  0x0000023ad2359ae0 JavaThread "Attach Listener"            daemon [_thread_blocked, id=22180, stack(0x0000004534f00000,0x0000004535000000) (1024K)]
  0x0000023ad235ab10 JavaThread "Service Thread"             daemon [_thread_blocked, id=22992, stack(0x0000004535000000,0x0000004535100000) (1024K)]
  0x0000023ad235d7a0 JavaThread "Monitor Deflation Thread"   daemon [_thread_blocked, id=25752, stack(0x0000004535100000,0x0000004535200000) (1024K)]
  0x0000023ad2366890 JavaThread "C2 CompilerThread0"         daemon [_thread_blocked, id=31736, stack(0x0000004535200000,0x0000004535300000) (1024K)]
  0x0000023ad2369ba0 JavaThread "C1 CompilerThread0"         daemon [_thread_blocked, id=6812, stack(0x0000004535300000,0x0000004535400000) (1024K)]
  0x0000023ad231b910 JavaThread "Common-Cleaner"             daemon [_thread_blocked, id=28012, stack(0x0000004535400000,0x0000004535500000) (1024K)]
  0x0000023ad236a270 JavaThread "C1 CompilerThread1"         daemon [_thread_blocked, id=13124, stack(0x0000004535500000,0x0000004535600000) (1024K)]
  0x0000023ad236bdb0 JavaThread "C1 CompilerThread2"         daemon [_thread_blocked, id=31268, stack(0x0000004535600000,0x0000004535700000) (1024K)]
  0x0000023ad25e6000 JavaThread "JDWP Transport Listener: dt_socket" daemon [_thread_blocked, id=24928, stack(0x0000004535800000,0x0000004535900000) (1024K)]
  0x0000023ad26977e0 JavaThread "JDWP Event Helper Thread"   daemon [_thread_blocked, id=27832, stack(0x0000004535900000,0x0000004535a00000) (1024K)]
  0x0000023ad268f750 JavaThread "JDWP Command Reader"        daemon [_thread_in_native, id=4024, stack(0x0000004535a00000,0x0000004535b00000) (1024K)]
  0x0000023ad2791620 JavaThread "Notification Thread"        daemon [_thread_blocked, id=20056, stack(0x0000004535700000,0x0000004535800000) (1024K)]
Total: 16

Other Threads:
  0x0000023ad232bc80 VMThread "VM Thread"                           [id=22936, stack(0x0000004534b00000,0x0000004534c00000) (1024K)]
  0x0000023ad231ae10 WatcherThread "VM Periodic Task Thread"        [id=17648, stack(0x0000004534a00000,0x0000004534b00000) (1024K)]
  0x0000023aac409fc0 WorkerThread "GC Thread#0"                     [id=26008, stack(0x0000004534500000,0x0000004534600000) (1024K)]
  0x0000023aac41f070 ConcurrentGCThread "G1 Main Marker"            [id=16340, stack(0x0000004534600000,0x0000004534700000) (1024K)]
  0x0000023aac422090 WorkerThread "G1 Conc#0"                       [id=25596, stack(0x0000004534700000,0x0000004534800000) (1024K)]
  0x0000023aac4d1f50 ConcurrentGCThread "G1 Refine#0"               [id=14664, stack(0x0000004534800000,0x0000004534900000) (1024K)]
  0x0000023aac4d4b90 ConcurrentGCThread "G1 Service"                [id=10724, stack(0x0000004534900000,0x0000004534a00000) (1024K)]
Total: 7

Threads with active compile tasks:
Total: 0

VM state: not at safepoint (normal execution)

VM Mutex/Monitor currently owned by a thread: None

Heap address: 0x0000000601000000, size: 8176 MB, Compressed Oops mode: Zero based, Oop shift amount: 3

CDS archive(s) mapped at: [0x0000023ad3000000-0x0000023ad3d70000-0x0000023ad3d70000), size 14090240, SharedBaseAddress: 0x0000023ad3000000, ArchiveRelocationMode: 1.
Compressed class space mapped at: 0x0000023ad4000000-0x0000023b14000000, reserved size: 1073741824
Narrow klass base: 0x0000023ad3000000, Narrow klass shift: 0, Narrow klass range: 0x41000000

GC Precious Log:
 CardTable entry size: 512
 Card Set container configuration: InlinePtr #cards 4 size 8 Array Of Cards #cards 32 size 80 Howl #buckets 8 coarsen threshold 7372 Howl Bitmap #cards 1024 size 144 coarsen threshold 921 Card regions per heap region 1 cards per card region 8192
 CPUs: 16 total, 16 available
 Memory: 32689M
 Large Page Support: Disabled
 NUMA Support: Disabled
 Compressed Oops: Enabled (Zero based)
 Heap Region Size: 4M
 Heap Min Capacity: 8M
 Heap Initial Capacity: 512M
 Heap Max Capacity: 8176M
 Pre-touch: Disabled
 Parallel Workers: 13
 Concurrent Workers: 3
 Concurrent Refinement Workers: 13
 Periodic GC: Disabled

Heap:
 garbage-first heap   total reserved 8372224K, committed 524288K, used 8192K [0x0000000601000000, 0x0000000800000000)
  region size 4096K, 3 young (12288K), 0 survivors (0K)
 Metaspace       used 5271K, committed 5440K, reserved 1114112K
  class space    used 410K, committed 512K, reserved 1048576K

Heap Regions: E=young(eden), S=young(survivor), O=old, HS=humongous(starts), HC=humongous(continues), CS=collection set, F=free, TAMS=top-at-mark-start, PB=parsable bottom
|   0|0x0000000601000000, 0x0000000601000000, 0x0000000601400000|  0%| F|  |TAMS 0x0000000601000000| PB 0x0000000601000000| Untracked |  0
|   1|0x0000000601400000, 0x0000000601400000, 0x0000000601800000|  0%| F|  |TAMS 0x0000000601400000| PB 0x0000000601400000| Untracked |  0
|   2|0x0000000601800000, 0x0000000601800000, 0x0000000601c00000|  0%| F|  |TAMS 0x0000000601800000| PB 0x0000000601800000| Untracked |  0
|   3|0x0000000601c00000, 0x0000000601c00000, 0x0000000602000000|  0%| F|  |TAMS 0x0000000601c00000| PB 0x0000000601c00000| Untracked |  0
|   4|0x0000000602000000, 0x0000000602000000, 0x0000000602400000|  0%| F|  |TAMS 0x0000000602000000| PB 0x0000000602000000| Untracked |  0
|   5|0x0000000602400000, 0x0000000602400000, 0x0000000602800000|  0%| F|  |TAMS 0x0000000602400000| PB 0x0000000602400000| Untracked |  0
|   6|0x0000000602800000, 0x0000000602800000, 0x0000000602c00000|  0%| F|  |TAMS 0x0000000602800000| PB 0x0000000602800000| Untracked |  0
|   7|0x0000000602c00000, 0x0000000602c00000, 0x0000000603000000|  0%| F|  |TAMS 0x0000000602c00000| PB 0x0000000602c00000| Untracked |  0
|   8|0x0000000603000000, 0x0000000603000000, 0x0000000603400000|  0%| F|  |TAMS 0x0000000603000000| PB 0x0000000603000000| Untracked |  0
|   9|0x0000000603400000, 0x0000000603400000, 0x0000000603800000|  0%| F|  |TAMS 0x0000000603400000| PB 0x0000000603400000| Untracked |  0
|  10|0x0000000603800000, 0x0000000603800000, 0x0000000603c00000|  0%| F|  |TAMS 0x0000000603800000| PB 0x0000000603800000| Untracked |  0
|  11|0x0000000603c00000, 0x0000000603c00000, 0x0000000604000000|  0%| F|  |TAMS 0x0000000603c00000| PB 0x0000000603c00000| Untracked |  0
|  12|0x0000000604000000, 0x0000000604000000, 0x0000000604400000|  0%| F|  |TAMS 0x0000000604000000| PB 0x0000000604000000| Untracked |  0
|  13|0x0000000604400000, 0x0000000604400000, 0x0000000604800000|  0%| F|  |TAMS 0x0000000604400000| PB 0x0000000604400000| Untracked |  0
|  14|0x0000000604800000, 0x0000000604800000, 0x0000000604c00000|  0%| F|  |TAMS 0x0000000604800000| PB 0x0000000604800000| Untracked |  0
|  15|0x0000000604c00000, 0x0000000604c00000, 0x0000000605000000|  0%| F|  |TAMS 0x0000000604c00000| PB 0x0000000604c00000| Untracked |  0
|  16|0x0000000605000000, 0x0000000605000000, 0x0000000605400000|  0%| F|  |TAMS 0x0000000605000000| PB 0x0000000605000000| Untracked |  0
|  17|0x0000000605400000, 0x0000000605400000, 0x0000000605800000|  0%| F|  |TAMS 0x0000000605400000| PB 0x0000000605400000| Untracked |  0
|  18|0x0000000605800000, 0x0000000605800000, 0x0000000605c00000|  0%| F|  |TAMS 0x0000000605800000| PB 0x0000000605800000| Untracked |  0
|  19|0x0000000605c00000, 0x0000000605c00000, 0x0000000606000000|  0%| F|  |TAMS 0x0000000605c00000| PB 0x0000000605c00000| Untracked |  0
|  20|0x0000000606000000, 0x0000000606000000, 0x0000000606400000|  0%| F|  |TAMS 0x0000000606000000| PB 0x0000000606000000| Untracked |  0
|  21|0x0000000606400000, 0x0000000606400000, 0x0000000606800000|  0%| F|  |TAMS 0x0000000606400000| PB 0x0000000606400000| Untracked |  0
|  22|0x0000000606800000, 0x0000000606800000, 0x0000000606c00000|  0%| F|  |TAMS 0x0000000606800000| PB 0x0000000606800000| Untracked |  0
|  23|0x0000000606c00000, 0x0000000606c00000, 0x0000000607000000|  0%| F|  |TAMS 0x0000000606c00000| PB 0x0000000606c00000| Untracked |  0
|  24|0x0000000607000000, 0x0000000607000000, 0x0000000607400000|  0%| F|  |TAMS 0x0000000607000000| PB 0x0000000607000000| Untracked |  0
|  25|0x0000000607400000, 0x0000000607400000, 0x0000000607800000|  0%| F|  |TAMS 0x0000000607400000| PB 0x0000000607400000| Untracked |  0
|  26|0x0000000607800000, 0x0000000607800000, 0x0000000607c00000|  0%| F|  |TAMS 0x0000000607800000| PB 0x0000000607800000| Untracked |  0
|  27|0x0000000607c00000, 0x0000000607c00000, 0x0000000608000000|  0%| F|  |TAMS 0x0000000607c00000| PB 0x0000000607c00000| Untracked |  0
|  28|0x0000000608000000, 0x0000000608000000, 0x0000000608400000|  0%| F|  |TAMS 0x0000000608000000| PB 0x0000000608000000| Untracked |  0
|  29|0x0000000608400000, 0x0000000608400000, 0x0000000608800000|  0%| F|  |TAMS 0x0000000608400000| PB 0x0000000608400000| Untracked |  0
|  30|0x0000000608800000, 0x0000000608800000, 0x0000000608c00000|  0%| F|  |TAMS 0x0000000608800000| PB 0x0000000608800000| Untracked |  0
|  31|0x0000000608c00000, 0x0000000608c00000, 0x0000000609000000|  0%| F|  |TAMS 0x0000000608c00000| PB 0x0000000608c00000| Untracked |  0
|  32|0x0000000609000000, 0x0000000609000000, 0x0000000609400000|  0%| F|  |TAMS 0x0000000609000000| PB 0x0000000609000000| Untracked |  0
|  33|0x0000000609400000, 0x0000000609400000, 0x0000000609800000|  0%| F|  |TAMS 0x0000000609400000| PB 0x0000000609400000| Untracked |  0
|  34|0x0000000609800000, 0x0000000609800000, 0x0000000609c00000|  0%| F|  |TAMS 0x0000000609800000| PB 0x0000000609800000| Untracked |  0
|  35|0x0000000609c00000, 0x0000000609c00000, 0x000000060a000000|  0%| F|  |TAMS 0x0000000609c00000| PB 0x0000000609c00000| Untracked |  0
|  36|0x000000060a000000, 0x000000060a000000, 0x000000060a400000|  0%| F|  |TAMS 0x000000060a000000| PB 0x000000060a000000| Untracked |  0
|  37|0x000000060a400000, 0x000000060a400000, 0x000000060a800000|  0%| F|  |TAMS 0x000000060a400000| PB 0x000000060a400000| Untracked |  0
|  38|0x000000060a800000, 0x000000060a800000, 0x000000060ac00000|  0%| F|  |TAMS 0x000000060a800000| PB 0x000000060a800000| Untracked |  0
|  39|0x000000060ac00000, 0x000000060ac00000, 0x000000060b000000|  0%| F|  |TAMS 0x000000060ac00000| PB 0x000000060ac00000| Untracked |  0
|  40|0x000000060b000000, 0x000000060b000000, 0x000000060b400000|  0%| F|  |TAMS 0x000000060b000000| PB 0x000000060b000000| Untracked |  0
|  41|0x000000060b400000, 0x000000060b400000, 0x000000060b800000|  0%| F|  |TAMS 0x000000060b400000| PB 0x000000060b400000| Untracked |  0
|  42|0x000000060b800000, 0x000000060b800000, 0x000000060bc00000|  0%| F|  |TAMS 0x000000060b800000| PB 0x000000060b800000| Untracked |  0
|  43|0x000000060bc00000, 0x000000060bc00000, 0x000000060c000000|  0%| F|  |TAMS 0x000000060bc00000| PB 0x000000060bc00000| Untracked |  0
|  44|0x000000060c000000, 0x000000060c000000, 0x000000060c400000|  0%| F|  |TAMS 0x000000060c000000| PB 0x000000060c000000| Untracked |  0
|  45|0x000000060c400000, 0x000000060c400000, 0x000000060c800000|  0%| F|  |TAMS 0x000000060c400000| PB 0x000000060c400000| Untracked |  0
|  46|0x000000060c800000, 0x000000060c800000, 0x000000060cc00000|  0%| F|  |TAMS 0x000000060c800000| PB 0x000000060c800000| Untracked |  0
|  47|0x000000060cc00000, 0x000000060cc00000, 0x000000060d000000|  0%| F|  |TAMS 0x000000060cc00000| PB 0x000000060cc00000| Untracked |  0
|  48|0x000000060d000000, 0x000000060d000000, 0x000000060d400000|  0%| F|  |TAMS 0x000000060d000000| PB 0x000000060d000000| Untracked |  0
|  49|0x000000060d400000, 0x000000060d400000, 0x000000060d800000|  0%| F|  |TAMS 0x000000060d400000| PB 0x000000060d400000| Untracked |  0
|  50|0x000000060d800000, 0x000000060d800000, 0x000000060dc00000|  0%| F|  |TAMS 0x000000060d800000| PB 0x000000060d800000| Untracked |  0
|  51|0x000000060dc00000, 0x000000060dc00000, 0x000000060e000000|  0%| F|  |TAMS 0x000000060dc00000| PB 0x000000060dc00000| Untracked |  0
|  52|0x000000060e000000, 0x000000060e000000, 0x000000060e400000|  0%| F|  |TAMS 0x000000060e000000| PB 0x000000060e000000| Untracked |  0
|  53|0x000000060e400000, 0x000000060e400000, 0x000000060e800000|  0%| F|  |TAMS 0x000000060e400000| PB 0x000000060e400000| Untracked |  0
|  54|0x000000060e800000, 0x000000060e800000, 0x000000060ec00000|  0%| F|  |TAMS 0x000000060e800000| PB 0x000000060e800000| Untracked |  0
|  55|0x000000060ec00000, 0x000000060ec00000, 0x000000060f000000|  0%| F|  |TAMS 0x000000060ec00000| PB 0x000000060ec00000| Untracked |  0
|  56|0x000000060f000000, 0x000000060f000000, 0x000000060f400000|  0%| F|  |TAMS 0x000000060f000000| PB 0x000000060f000000| Untracked |  0
|  57|0x000000060f400000, 0x000000060f400000, 0x000000060f800000|  0%| F|  |TAMS 0x000000060f400000| PB 0x000000060f400000| Untracked |  0
|  58|0x000000060f800000, 0x000000060f800000, 0x000000060fc00000|  0%| F|  |TAMS 0x000000060f800000| PB 0x000000060f800000| Untracked |  0
|  59|0x000000060fc00000, 0x000000060fc00000, 0x0000000610000000|  0%| F|  |TAMS 0x000000060fc00000| PB 0x000000060fc00000| Untracked |  0
|  60|0x0000000610000000, 0x0000000610000000, 0x0000000610400000|  0%| F|  |TAMS 0x0000000610000000| PB 0x0000000610000000| Untracked |  0
|  61|0x0000000610400000, 0x0000000610400000, 0x0000000610800000|  0%| F|  |TAMS 0x0000000610400000| PB 0x0000000610400000| Untracked |  0
|  62|0x0000000610800000, 0x0000000610800000, 0x0000000610c00000|  0%| F|  |TAMS 0x0000000610800000| PB 0x0000000610800000| Untracked |  0
|  63|0x0000000610c00000, 0x0000000610c00000, 0x0000000611000000|  0%| F|  |TAMS 0x0000000610c00000| PB 0x0000000610c00000| Untracked |  0
|  64|0x0000000611000000, 0x0000000611000000, 0x0000000611400000|  0%| F|  |TAMS 0x0000000611000000| PB 0x0000000611000000| Untracked |  0
|  65|0x0000000611400000, 0x0000000611400000, 0x0000000611800000|  0%| F|  |TAMS 0x0000000611400000| PB 0x0000000611400000| Untracked |  0
|  66|0x0000000611800000, 0x0000000611800000, 0x0000000611c00000|  0%| F|  |TAMS 0x0000000611800000| PB 0x0000000611800000| Untracked |  0
|  67|0x0000000611c00000, 0x0000000611c00000, 0x0000000612000000|  0%| F|  |TAMS 0x0000000611c00000| PB 0x0000000611c00000| Untracked |  0
|  68|0x0000000612000000, 0x0000000612000000, 0x0000000612400000|  0%| F|  |TAMS 0x0000000612000000| PB 0x0000000612000000| Untracked |  0
|  69|0x0000000612400000, 0x0000000612400000, 0x0000000612800000|  0%| F|  |TAMS 0x0000000612400000| PB 0x0000000612400000| Untracked |  0
|  70|0x0000000612800000, 0x0000000612800000, 0x0000000612c00000|  0%| F|  |TAMS 0x0000000612800000| PB 0x0000000612800000| Untracked |  0
|  71|0x0000000612c00000, 0x0000000612c00000, 0x0000000613000000|  0%| F|  |TAMS 0x0000000612c00000| PB 0x0000000612c00000| Untracked |  0
|  72|0x0000000613000000, 0x0000000613000000, 0x0000000613400000|  0%| F|  |TAMS 0x0000000613000000| PB 0x0000000613000000| Untracked |  0
|  73|0x0000000613400000, 0x0000000613400000, 0x0000000613800000|  0%| F|  |TAMS 0x0000000613400000| PB 0x0000000613400000| Untracked |  0
|  74|0x0000000613800000, 0x0000000613800000, 0x0000000613c00000|  0%| F|  |TAMS 0x0000000613800000| PB 0x0000000613800000| Untracked |  0
|  75|0x0000000613c00000, 0x0000000613c00000, 0x0000000614000000|  0%| F|  |TAMS 0x0000000613c00000| PB 0x0000000613c00000| Untracked |  0
|  76|0x0000000614000000, 0x0000000614000000, 0x0000000614400000|  0%| F|  |TAMS 0x0000000614000000| PB 0x0000000614000000| Untracked |  0
|  77|0x0000000614400000, 0x0000000614400000, 0x0000000614800000|  0%| F|  |TAMS 0x0000000614400000| PB 0x0000000614400000| Untracked |  0
|  78|0x0000000614800000, 0x0000000614800000, 0x0000000614c00000|  0%| F|  |TAMS 0x0000000614800000| PB 0x0000000614800000| Untracked |  0
|  79|0x0000000614c00000, 0x0000000614c00000, 0x0000000615000000|  0%| F|  |TAMS 0x0000000614c00000| PB 0x0000000614c00000| Untracked |  0
|  80|0x0000000615000000, 0x0000000615000000, 0x0000000615400000|  0%| F|  |TAMS 0x0000000615000000| PB 0x0000000615000000| Untracked |  0
|  81|0x0000000615400000, 0x0000000615400000, 0x0000000615800000|  0%| F|  |TAMS 0x0000000615400000| PB 0x0000000615400000| Untracked |  0
|  82|0x0000000615800000, 0x0000000615800000, 0x0000000615c00000|  0%| F|  |TAMS 0x0000000615800000| PB 0x0000000615800000| Untracked |  0
|  83|0x0000000615c00000, 0x0000000615c00000, 0x0000000616000000|  0%| F|  |TAMS 0x0000000615c00000| PB 0x0000000615c00000| Untracked |  0
|  84|0x0000000616000000, 0x0000000616000000, 0x0000000616400000|  0%| F|  |TAMS 0x0000000616000000| PB 0x0000000616000000| Untracked |  0
|  85|0x0000000616400000, 0x0000000616400000, 0x0000000616800000|  0%| F|  |TAMS 0x0000000616400000| PB 0x0000000616400000| Untracked |  0
|  86|0x0000000616800000, 0x0000000616800000, 0x0000000616c00000|  0%| F|  |TAMS 0x0000000616800000| PB 0x0000000616800000| Untracked |  0
|  87|0x0000000616c00000, 0x0000000616c00000, 0x0000000617000000|  0%| F|  |TAMS 0x0000000616c00000| PB 0x0000000616c00000| Untracked |  0
|  88|0x0000000617000000, 0x0000000617000000, 0x0000000617400000|  0%| F|  |TAMS 0x0000000617000000| PB 0x0000000617000000| Untracked |  0
|  89|0x0000000617400000, 0x0000000617400000, 0x0000000617800000|  0%| F|  |TAMS 0x0000000617400000| PB 0x0000000617400000| Untracked |  0
|  90|0x0000000617800000, 0x0000000617800000, 0x0000000617c00000|  0%| F|  |TAMS 0x0000000617800000| PB 0x0000000617800000| Untracked |  0
|  91|0x0000000617c00000, 0x0000000617c00000, 0x0000000618000000|  0%| F|  |TAMS 0x0000000617c00000| PB 0x0000000617c00000| Untracked |  0
|  92|0x0000000618000000, 0x0000000618000000, 0x0000000618400000|  0%| F|  |TAMS 0x0000000618000000| PB 0x0000000618000000| Untracked |  0
|  93|0x0000000618400000, 0x0000000618400000, 0x0000000618800000|  0%| F|  |TAMS 0x0000000618400000| PB 0x0000000618400000| Untracked |  0
|  94|0x0000000618800000, 0x0000000618800000, 0x0000000618c00000|  0%| F|  |TAMS 0x0000000618800000| PB 0x0000000618800000| Untracked |  0
|  95|0x0000000618c00000, 0x0000000618c00000, 0x0000000619000000|  0%| F|  |TAMS 0x0000000618c00000| PB 0x0000000618c00000| Untracked |  0
|  96|0x0000000619000000, 0x0000000619000000, 0x0000000619400000|  0%| F|  |TAMS 0x0000000619000000| PB 0x0000000619000000| Untracked |  0
|  97|0x0000000619400000, 0x0000000619400000, 0x0000000619800000|  0%| F|  |TAMS 0x0000000619400000| PB 0x0000000619400000| Untracked |  0
|  98|0x0000000619800000, 0x0000000619800000, 0x0000000619c00000|  0%| F|  |TAMS 0x0000000619800000| PB 0x0000000619800000| Untracked |  0
|  99|0x0000000619c00000, 0x0000000619c00000, 0x000000061a000000|  0%| F|  |TAMS 0x0000000619c00000| PB 0x0000000619c00000| Untracked |  0
| 100|0x000000061a000000, 0x000000061a000000, 0x000000061a400000|  0%| F|  |TAMS 0x000000061a000000| PB 0x000000061a000000| Untracked |  0
| 101|0x000000061a400000, 0x000000061a400000, 0x000000061a800000|  0%| F|  |TAMS 0x000000061a400000| PB 0x000000061a400000| Untracked |  0
| 102|0x000000061a800000, 0x000000061a800000, 0x000000061ac00000|  0%| F|  |TAMS 0x000000061a800000| PB 0x000000061a800000| Untracked |  0
| 103|0x000000061ac00000, 0x000000061ac00000, 0x000000061b000000|  0%| F|  |TAMS 0x000000061ac00000| PB 0x000000061ac00000| Untracked |  0
| 104|0x000000061b000000, 0x000000061b000000, 0x000000061b400000|  0%| F|  |TAMS 0x000000061b000000| PB 0x000000061b000000| Untracked |  0
| 105|0x000000061b400000, 0x000000061b400000, 0x000000061b800000|  0%| F|  |TAMS 0x000000061b400000| PB 0x000000061b400000| Untracked |  0
| 106|0x000000061b800000, 0x000000061b800000, 0x000000061bc00000|  0%| F|  |TAMS 0x000000061b800000| PB 0x000000061b800000| Untracked |  0
| 107|0x000000061bc00000, 0x000000061bc00000, 0x000000061c000000|  0%| F|  |TAMS 0x000000061bc00000| PB 0x000000061bc00000| Untracked |  0
| 108|0x000000061c000000, 0x000000061c000000, 0x000000061c400000|  0%| F|  |TAMS 0x000000061c000000| PB 0x000000061c000000| Untracked |  0
| 109|0x000000061c400000, 0x000000061c400000, 0x000000061c800000|  0%| F|  |TAMS 0x000000061c400000| PB 0x000000061c400000| Untracked |  0
| 110|0x000000061c800000, 0x000000061c800000, 0x000000061cc00000|  0%| F|  |TAMS 0x000000061c800000| PB 0x000000061c800000| Untracked |  0
| 111|0x000000061cc00000, 0x000000061cc00000, 0x000000061d000000|  0%| F|  |TAMS 0x000000061cc00000| PB 0x000000061cc00000| Untracked |  0
| 112|0x000000061d000000, 0x000000061d000000, 0x000000061d400000|  0%| F|  |TAMS 0x000000061d000000| PB 0x000000061d000000| Untracked |  0
| 113|0x000000061d400000, 0x000000061d400000, 0x000000061d800000|  0%| F|  |TAMS 0x000000061d400000| PB 0x000000061d400000| Untracked |  0
| 114|0x000000061d800000, 0x000000061d800000, 0x000000061dc00000|  0%| F|  |TAMS 0x000000061d800000| PB 0x000000061d800000| Untracked |  0
| 115|0x000000061dc00000, 0x000000061dc00000, 0x000000061e000000|  0%| F|  |TAMS 0x000000061dc00000| PB 0x000000061dc00000| Untracked |  0
| 116|0x000000061e000000, 0x000000061e000000, 0x000000061e400000|  0%| F|  |TAMS 0x000000061e000000| PB 0x000000061e000000| Untracked |  0
| 117|0x000000061e400000, 0x000000061e400000, 0x000000061e800000|  0%| F|  |TAMS 0x000000061e400000| PB 0x000000061e400000| Untracked |  0
| 118|0x000000061e800000, 0x000000061e800000, 0x000000061ec00000|  0%| F|  |TAMS 0x000000061e800000| PB 0x000000061e800000| Untracked |  0
| 119|0x000000061ec00000, 0x000000061ec00000, 0x000000061f000000|  0%| F|  |TAMS 0x000000061ec00000| PB 0x000000061ec00000| Untracked |  0
| 120|0x000000061f000000, 0x000000061f000000, 0x000000061f400000|  0%| F|  |TAMS 0x000000061f000000| PB 0x000000061f000000| Untracked |  0
| 121|0x000000061f400000, 0x000000061f400000, 0x000000061f800000|  0%| F|  |TAMS 0x000000061f400000| PB 0x000000061f400000| Untracked |  0
| 122|0x000000061f800000, 0x000000061f800000, 0x000000061fc00000|  0%| F|  |TAMS 0x000000061f800000| PB 0x000000061f800000| Untracked |  0
| 123|0x000000061fc00000, 0x000000061fc00000, 0x0000000620000000|  0%| F|  |TAMS 0x000000061fc00000| PB 0x000000061fc00000| Untracked |  0
| 124|0x0000000620000000, 0x0000000620000000, 0x0000000620400000|  0%| F|  |TAMS 0x0000000620000000| PB 0x0000000620000000| Untracked |  0
| 125|0x0000000620400000, 0x0000000620775fe0, 0x0000000620800000| 86%| E|  |TAMS 0x0000000620400000| PB 0x0000000620400000| Complete |  0
| 126|0x0000000620800000, 0x0000000620c00000, 0x0000000620c00000|100%| E|CS|TAMS 0x0000000620800000| PB 0x0000000620800000| Complete |  0
| 127|0x0000000620c00000, 0x0000000621000000, 0x0000000621000000|100%| E|CS|TAMS 0x0000000620c00000| PB 0x0000000620c00000| Complete |  0

Card table byte_map: [0x0000023ac63a0000,0x0000023ac73a0000] _byte_map_base: 0x0000023ac3398000

Marking Bits: (CMBitMap*) 0x0000023aac40a5d0
 Bits: [0x0000023ac73a0000, 0x0000023acf360000)

Polling page: 0x0000023aaa280000

Metaspace:

Usage:
  Non-class:      4.75 MB used.
      Class:    410.36 KB used.
       Both:      5.15 MB used.

Virtual space:
  Non-class space:       64.00 MB reserved,       4.81 MB (  8%) committed,  1 nodes.
      Class space:        1.00 GB reserved,     512.00 KB ( <1%) committed,  1 nodes.
             Both:        1.06 GB reserved,       5.31 MB ( <1%) committed. 

Chunk freelists:
   Non-Class:  10.45 MB
       Class:  15.48 MB
        Both:  25.94 MB

MaxMetaspaceSize: unlimited
CompressedClassSpaceSize: 1.00 GB
Initial GC threshold: 21.00 MB
Current GC threshold: 21.00 MB
CDS: on
 - commit_granule_bytes: 65536.
 - commit_granule_words: 8192.
 - virtual_space_node_default_size: 8388608.
 - enlarge_chunks_in_place: 1.
 - use_allocation_guard: 0.


Internal statistics:

num_allocs_failed_limit: 0.
num_arena_births: 104.
num_arena_deaths: 0.
num_vsnodes_births: 2.
num_vsnodes_deaths: 0.
num_space_committed: 85.
num_space_uncommitted: 0.
num_chunks_returned_to_freelist: 0.
num_chunks_taken_from_freelist: 175.
num_chunk_merges: 0.
num_chunk_splits: 125.
num_chunks_enlarged: 89.
num_inconsistent_stats: 0.

CodeHeap 'non-profiled nmethods': size=119232Kb used=185Kb max_used=185Kb free=119046Kb
 bounds [0x0000023abd260000, 0x0000023abd4d0000, 0x0000023ac46d0000]
CodeHeap 'profiled nmethods': size=119104Kb used=688Kb max_used=688Kb free=118415Kb
 bounds [0x0000023ab56d0000, 0x0000023ab5940000, 0x0000023abcb20000]
CodeHeap 'non-nmethods': size=7424Kb used=2579Kb max_used=2589Kb free=4844Kb
 bounds [0x0000023abcb20000, 0x0000023abcdb0000, 0x0000023abd260000]
CodeCache: size=245760Kb, used=3452Kb, max_used=3462Kb, free=242305Kb
 total_blobs=1140, nmethods=642, adapters=402, full_count=0
Compilation: enabled, stopped_count=0, restarted_count=0

Compilation events (20 events):
Event: 0.665 Thread 0x0000023ad2369ba0  633       3       jdk.internal.misc.Unsafe::checkPrimitivePointer (19 bytes)
Event: 0.665 Thread 0x0000023ad236a270  634       3       jdk.internal.misc.Unsafe::checkPointer (19 bytes)
Event: 0.665 Thread 0x0000023ad236bdb0  636       3       java.nio.Buffer::limit (65 bytes)
Event: 0.665 Thread 0x0000023ad236a270 nmethod 634 0x0000023ab5779788 code [0x0000023ab57798e0, 0x0000023ab5779c80]
Event: 0.665 Thread 0x0000023ad236a270  637       3       java.lang.Class::getComponentType (14 bytes)
Event: 0.665 Thread 0x0000023ad236bdb0 nmethod 636 0x0000023ab5779d08 code [0x0000023ab5779e40, 0x0000023ab577a0e0]
Event: 0.665 Thread 0x0000023ad2369ba0 nmethod 633 0x0000023ab577a108 code [0x0000023ab577a2a0, 0x0000023ab577a890]
Event: 0.665 Thread 0x0000023ad236a270 nmethod 637 0x0000023ab577a908 code [0x0000023ab577aa40, 0x0000023ab577abf0]
Event: 0.667 Thread 0x0000023ad236a270  638       1       java.lang.NamedPackage::module (5 bytes)
Event: 0.667 Thread 0x0000023ad236a270 nmethod 638 0x0000023abd28e188 code [0x0000023abd28e2a0, 0x0000023abd28e370]
Event: 0.667 Thread 0x0000023ad236a270  639       3       java.util.jar.JarFile::getEntry (35 bytes)
Event: 0.667 Thread 0x0000023ad236a270 nmethod 639 0x0000023ab577ac08 code [0x0000023ab577ad80, 0x0000023ab577b1e8]
Event: 0.668 Thread 0x0000023ad236a270  640       3       jdk.internal.jimage.ImageStringsReader::hashCode (33 bytes)
Event: 0.669 Thread 0x0000023ad236a270 nmethod 640 0x0000023ab577b208 code [0x0000023ab577b340, 0x0000023ab577b4c0]
Event: 0.669 Thread 0x0000023ad236a270  641       3       java.util.Optional::empty (6 bytes)
Event: 0.669 Thread 0x0000023ad236a270 nmethod 641 0x0000023ab577b508 code [0x0000023ab577b620, 0x0000023ab577b718]
Event: 0.669 Thread 0x0000023ad236a270  642   !   3       jdk.internal.loader.URLClassPath$JarLoader::getResource (40 bytes)
Event: 0.669 Thread 0x0000023ad2369ba0  643       3       java.util.jar.JarFile::getJarEntry (9 bytes)
Event: 0.669 Thread 0x0000023ad2369ba0 nmethod 643 0x0000023ab577b808 code [0x0000023ab577b940, 0x0000023ab577bbf0]
Event: 0.669 Thread 0x0000023ad236a270 nmethod 642 0x0000023ab577bc08 code [0x0000023ab577bd80, 0x0000023ab577c348]

GC Heap History (0 events):
No events

Dll operation events (10 events):
Event: 0.014 Loaded shared library C:\Users\Jace\.jdks\openjdk-23\bin\java.dll
Event: 0.015 Loaded shared library C:\Users\Jace\.jdks\openjdk-23\bin\zip.dll
Event: 0.038 Loaded shared library C:\Users\Jace\.jdks\openjdk-23\bin\jsvml.dll
Event: 0.431 Loaded shared library C:\Users\Jace\.jdks\openjdk-23\bin\instrument.dll
Event: 0.493 Loaded shared library C:\Users\Jace\.jdks\openjdk-23\bin\net.dll
Event: 0.494 Loaded shared library C:\Users\Jace\.jdks\openjdk-23\bin\nio.dll
Event: 0.506 Loaded shared library C:\Users\Jace\.jdks\openjdk-23\bin\zip.dll
Event: 0.522 Loaded shared library C:\Users\Jace\.jdks\openjdk-23\bin\verify.dll
Event: 0.597 Loaded shared library C:\Users\Jace\.jdks\openjdk-23\bin\jimage.dll
Event: 0.621 Loaded shared library C:\Users\Jace\AppData\Local\Temp\lwjglJace\3.3.1-build-7\lwjgl.dll

Deoptimization events (20 events):
Event: 0.447 Thread 0x0000023aac353390 Uncommon trap: trap_request=0xffffffde fr.pc=0x0000023abd26fec0 relative=0x0000000000000da0
Event: 0.447 Thread 0x0000023aac353390 Uncommon trap: reason=class_check action=maybe_recompile pc=0x0000023abd26fec0 method=java.util.HashMap.putVal(ILjava/lang/Object;Ljava/lang/Object;ZZ)Ljava/lang/Object; @ 106 c2
Event: 0.447 Thread 0x0000023aac353390 DEOPT PACKING pc=0x0000023abd26fec0 sp=0x00000045344fcef0
Event: 0.447 Thread 0x0000023aac353390 DEOPT UNPACKING pc=0x0000023abcb74402 sp=0x00000045344fcec8 mode 2
Event: 0.448 Thread 0x0000023aac353390 Uncommon trap: trap_request=0xffffffde fr.pc=0x0000023abd26fec0 relative=0x0000000000000da0
Event: 0.448 Thread 0x0000023aac353390 Uncommon trap: reason=class_check action=maybe_recompile pc=0x0000023abd26fec0 method=java.util.HashMap.putVal(ILjava/lang/Object;Ljava/lang/Object;ZZ)Ljava/lang/Object; @ 106 c2
Event: 0.448 Thread 0x0000023aac353390 DEOPT PACKING pc=0x0000023abd26fec0 sp=0x00000045344fcef0
Event: 0.448 Thread 0x0000023aac353390 DEOPT UNPACKING pc=0x0000023abcb74402 sp=0x00000045344fcec8 mode 2
Event: 0.469 Thread 0x0000023aac353390 Uncommon trap: trap_request=0xffffff45 fr.pc=0x0000023abd272c6c relative=0x00000000000000cc
Event: 0.469 Thread 0x0000023aac353390 Uncommon trap: reason=unstable_if action=reinterpret pc=0x0000023abd272c6c method=java.lang.String.isLatin1()Z @ 10 c2
Event: 0.469 Thread 0x0000023aac353390 DEOPT PACKING pc=0x0000023abd272c6c sp=0x00000045344ff0f0
Event: 0.469 Thread 0x0000023aac353390 DEOPT UNPACKING pc=0x0000023abcb74402 sp=0x00000045344ff040 mode 2
Event: 0.469 Thread 0x0000023aac353390 Uncommon trap: trap_request=0xffffff45 fr.pc=0x0000023abd274838 relative=0x00000000000004d8
Event: 0.469 Thread 0x0000023aac353390 Uncommon trap: reason=unstable_if action=reinterpret pc=0x0000023abd274838 method=java.lang.StringLatin1.replace([BCC)Ljava/lang/String; @ 19 c2
Event: 0.469 Thread 0x0000023aac353390 DEOPT PACKING pc=0x0000023abd274838 sp=0x00000045344ff3f0
Event: 0.469 Thread 0x0000023aac353390 DEOPT UNPACKING pc=0x0000023abcb74402 sp=0x00000045344ff370 mode 2
Event: 0.508 Thread 0x0000023aac353390 Uncommon trap: trap_request=0xffffffde fr.pc=0x0000023abd26fec0 relative=0x0000000000000da0
Event: 0.508 Thread 0x0000023aac353390 Uncommon trap: reason=class_check action=maybe_recompile pc=0x0000023abd26fec0 method=java.util.HashMap.putVal(ILjava/lang/Object;Ljava/lang/Object;ZZ)Ljava/lang/Object; @ 106 c2
Event: 0.508 Thread 0x0000023aac353390 DEOPT PACKING pc=0x0000023abd26fec0 sp=0x00000045344fac50
Event: 0.508 Thread 0x0000023aac353390 DEOPT UNPACKING pc=0x0000023abcb74402 sp=0x00000045344fac28 mode 2

Classes loaded (20 events):
Event: 0.657 Loading class org/lwjgl/glfw/GLFW
Event: 0.657 Loading class org/lwjgl/glfw/GLFW done
Event: 0.660 Loading class org/lwjgl/glfw/GLFWImage$Buffer
Event: 0.660 Loading class org/lwjgl/glfw/GLFWImage$Buffer done
Event: 0.660 Loading class org/lwjgl/system/StructBuffer
Event: 0.660 Loading class org/lwjgl/system/StructBuffer done
Event: 0.665 Loading class org/lwjgl/system/APIUtil$1
Event: 0.665 Loading class org/lwjgl/system/APIUtil$1 done
Event: 0.666 Loading class java/lang/NoSuchFieldError
Event: 0.666 Loading class java/lang/NoSuchFieldError done
Event: 0.666 Loading class org/lwjgl/system/windows/WindowsLibrary
Event: 0.666 Loading class org/lwjgl/system/windows/WindowsLibrary done
Event: 0.666 Loading class org/lwjgl/system/SharedLibrary$Default
Event: 0.666 Loading class org/lwjgl/system/SharedLibrary$Default done
Event: 0.666 Loading class org/lwjgl/system/windows/WinBase
Event: 0.666 Loading class org/lwjgl/system/windows/WinBase done
Event: 0.667 Loading class org/lwjgl/system/ThreadLocalUtil
Event: 0.667 Loading class org/lwjgl/system/ThreadLocalUtil done
Event: 0.669 Loading class jdk/internal/reflect/MethodHandleIntegerFieldAccessorImpl
Event: 0.669 Loading class jdk/internal/reflect/MethodHandleIntegerFieldAccessorImpl done

Classes unloaded (0 events):
No events

Classes redefined (1 events):
Event: 0.452 Thread 0x0000023ad232bc80 redefined class name=java.lang.Throwable, count=1

Internal exceptions (18 events):
Event: 0.435 Thread 0x0000023aac353390 Exception <a 'java/lang/NoSuchMethodError'{0x0000000620f35f90}: 'java.lang.Object java.lang.invoke.Invokers$Holder.invokeExact_MT(java.lang.Object, java.lang.Object, java.lang.Object, java.lang.Object, java.lang.Object)'> (0x0000000620f35f90) 
thrown [s\open\src\hotspot\share\interpreter\linkResolver.cpp, line 796]
Event: 0.581 Thread 0x0000023aac353390 Exception <a 'java/lang/NoSuchMethodError'{0x000000062043e490}: 'void java.lang.invoke.DirectMethodHandle$Holder.invokeStatic(java.lang.Object, java.lang.Object)'> (0x000000062043e490) 
thrown [s\open\src\hotspot\share\interpreter\linkResolver.cpp, line 796]
Event: 0.583 Thread 0x0000023aac353390 Exception <a 'java/lang/NoSuchMethodError'{0x000000062044e870}: 'void java.lang.System.load(java.lang.String, java.lang.Class)'> (0x000000062044e870) 
thrown [s\open\src\hotspot\share\interpreter\linkResolver.cpp, line 796]
Event: 0.583 Thread 0x0000023aac353390 Exception <a 'java/lang/NoSuchMethodError'{0x000000062044f2c0}: 'void java.lang.invoke.DirectMethodHandle$Holder.invokeSpecial(java.lang.Object, java.lang.Object, java.lang.Object)'> (0x000000062044f2c0) 
thrown [s\open\src\hotspot\share\interpreter\linkResolver.cpp, line 796]
Event: 0.585 Thread 0x0000023aac353390 Exception <a 'java/lang/NoSuchMethodError'{0x0000000620463048}: 'java.lang.Object java.lang.invoke.DirectMethodHandle$Holder.invokeStatic(java.lang.Object, java.lang.Object, int)'> (0x0000000620463048) 
thrown [s\open\src\hotspot\share\interpreter\linkResolver.cpp, line 796]
Event: 0.586 Thread 0x0000023aac353390 Exception <a 'java/lang/NoSuchMethodError'{0x000000062046e910}: 'void java.lang.invoke.DelegatingMethodHandle$Holder.delegate(java.lang.Object, java.lang.Object, int, java.lang.Object)'> (0x000000062046e910) 
thrown [s\open\src\hotspot\share\interpreter\linkResolver.cpp, line 796]
Event: 0.587 Thread 0x0000023aac353390 Exception <a 'java/lang/NoSuchMethodError'{0x0000000620472688}: 'int java.lang.invoke.DirectMethodHandle$Holder.invokeSpecial(java.lang.Object, java.lang.Object, java.lang.Object)'> (0x0000000620472688) 
thrown [s\open\src\hotspot\share\interpreter\linkResolver.cpp, line 796]
Event: 0.591 Thread 0x0000023aac353390 Exception <a 'java/lang/NoSuchMethodError'{0x000000062048eca8}: 'void java.lang.System.loadLibrary(java.lang.String, java.lang.Class)'> (0x000000062048eca8) 
thrown [s\open\src\hotspot\share\interpreter\linkResolver.cpp, line 796]
Event: 0.619 Thread 0x0000023aac353390 Exception <a 'sun/nio/fs/WindowsException'{0x0000000620537478}> (0x0000000620537478) 
thrown [s\open\src\hotspot\share\prims\jni.cpp, line 520]
Event: 0.620 Thread 0x0000023aac353390 Exception <a 'sun/nio/fs/WindowsException'{0x0000000620538ab8}> (0x0000000620538ab8) 
thrown [s\open\src\hotspot\share\prims\jni.cpp, line 520]
Event: 0.634 Thread 0x0000023aac353390 Exception <a 'java/lang/NoSuchMethodError'{0x00000006205d8dc8}: 'int java.lang.invoke.DirectMethodHandle$Holder.invokeStaticInit(java.lang.Object, java.lang.Object, int, long)'> (0x00000006205d8dc8) 
thrown [s\open\src\hotspot\share\interpreter\linkResolver.cpp, line 796]
Event: 0.635 Thread 0x0000023aac353390 Exception <a 'java/lang/NoSuchMethodError'{0x00000006205de1d0}: 'java.lang.Object java.lang.invoke.DirectMethodHandle$Holder.newInvokeSpecial(java.lang.Object, java.lang.Object, int)'> (0x00000006205de1d0) 
thrown [s\open\src\hotspot\share\interpreter\linkResolver.cpp, line 796]
Event: 0.637 Thread 0x0000023aac353390 Exception <a 'java/lang/NoSuchMethodError'{0x00000006205ef880}: 'int java.lang.invoke.DirectMethodHandle$Holder.invokeStaticInit(java.lang.Object, java.lang.Object, long, long)'> (0x00000006205ef880) 
thrown [s\open\src\hotspot\share\interpreter\linkResolver.cpp, line 796]
Event: 0.637 Thread 0x0000023aac353390 Exception <a 'java/lang/NoSuchMethodError'{0x00000006205f5620}: 'java.lang.Object java.lang.invoke.DirectMethodHandle$Holder.newInvokeSpecial(java.lang.Object, java.lang.Object, long)'> (0x00000006205f5620) 
thrown [s\open\src\hotspot\share\interpreter\linkResolver.cpp, line 796]
Event: 0.637 Thread 0x0000023aac353390 Exception <a 'java/lang/NoSuchMethodError'{0x00000006205f97b0}: 'java.lang.Object java.lang.invoke.Invokers$Holder.linkToTargetMethod(java.lang.Object, long, java.lang.Object)'> (0x00000006205f97b0) 
thrown [s\open\src\hotspot\share\interpreter\linkResolver.cpp, line 796]
Event: 0.638 Thread 0x0000023aac353390 Exception <a 'java/lang/NoSuchMethodError'{0x0000000620600a28}: 'int java.lang.invoke.DirectMethodHandle$Holder.invokeStaticInit(java.lang.Object, java.lang.Object, java.lang.Object, long)'> (0x0000000620600a28) 
thrown [s\open\src\hotspot\share\interpreter\linkResolver.cpp, line 796]
Event: 0.665 Thread 0x0000023aac353390 Exception <a 'sun/nio/fs/WindowsException'{0x0000000620712e58}> (0x0000000620712e58) 
thrown [s\open\src\hotspot\share\prims\jni.cpp, line 520]
Event: 0.665 Thread 0x0000023aac353390 Exception <a 'sun/nio/fs/WindowsException'{0x00000006207131d8}> (0x00000006207131d8) 
thrown [s\open\src\hotspot\share\prims\jni.cpp, line 520]

VM Operations (10 events):
Event: 0.063 Executing VM operation: HandshakeAllThreads (Deoptimize)
Event: 0.063 Executing VM operation: HandshakeAllThreads (Deoptimize) done
Event: 0.428 Executing VM operation: ChangeBreakpoints
Event: 0.428 Executing VM operation: ChangeBreakpoints done
Event: 0.429 Executing VM operation: ChangeBreakpoints
Event: 0.429 Executing VM operation: ChangeBreakpoints done
Event: 0.452 Executing VM operation: RedefineClasses
Event: 0.453 Executing VM operation: RedefineClasses done
Event: 0.461 Executing VM operation: get/set locals
Event: 0.461 Executing VM operation: get/set locals done

Memory protections (0 events):
No events

Nmethod flushes (0 events):
No events

Events (18 events):
Event: 0.026 Thread 0x0000023aac353390 Thread added: 0x0000023aac353390
Event: 0.037 Thread 0x0000023aac353390 Thread added: 0x0000023ad2350ea0
Event: 0.037 Thread 0x0000023aac353390 Thread added: 0x0000023ad2351900
Event: 0.037 Thread 0x0000023aac353390 Thread added: 0x0000023ad2356ce0
Event: 0.037 Thread 0x0000023aac353390 Thread added: 0x0000023ad2359ae0
Event: 0.037 Thread 0x0000023aac353390 Thread added: 0x0000023ad235ab10
Event: 0.037 Thread 0x0000023aac353390 Thread added: 0x0000023ad235d7a0
Event: 0.037 Thread 0x0000023aac353390 Thread added: 0x0000023ad2366890
Event: 0.037 Thread 0x0000023aac353390 Thread added: 0x0000023ad2369ba0
Event: 0.059 Thread 0x0000023aac353390 Thread added: 0x0000023ad231b910
Event: 0.063 Thread 0x0000023ad2369ba0 Thread added: 0x0000023ad236a270
Event: 0.064 Thread 0x0000023ad2369ba0 Thread added: 0x0000023ad236bdb0
Event: 0.068 Thread 0x0000023ad236a270 Thread added: 0x0000023ad236c480
Event: 0.077 Thread 0x0000023aac353390 Thread added: 0x0000023ad25e6000
Event: 0.077 Thread 0x0000023aac353390 Thread added: 0x0000023ad26977e0
Event: 0.077 Thread 0x0000023ad25e6000 Thread added: 0x0000023ad268f750
Event: 0.430 Thread 0x0000023ad236c480 Thread exited: 0x0000023ad236c480
Event: 0.467 Thread 0x0000023aac353390 Thread added: 0x0000023ad2791620


Dynamic libraries:
0x00007ff7c05d0000 - 0x00007ff7c05de000 	C:\Users\Jace\.jdks\openjdk-23\bin\java.exe
0x00007ffff5440000 - 0x00007ffff56a3000 	C:\WINDOWS\SYSTEM32\ntdll.dll
0x00007ffff48a0000 - 0x00007ffff4967000 	C:\WINDOWS\System32\KERNEL32.DLL
0x00007ffff2a10000 - 0x00007ffff2dd7000 	C:\WINDOWS\System32\KERNELBASE.dll
0x00007ffff2e10000 - 0x00007ffff2f5c000 	C:\WINDOWS\System32\ucrtbase.dll
0x00007fffdb1d0000 - 0x00007fffdb1eb000 	C:\Users\Jace\.jdks\openjdk-23\bin\VCRUNTIME140.dll
0x00007fffdb1f0000 - 0x00007fffdb207000 	C:\Users\Jace\.jdks\openjdk-23\bin\jli.dll
0x00007ffff4370000 - 0x00007ffff4539000 	C:\WINDOWS\System32\USER32.dll
0x00007ffff2de0000 - 0x00007ffff2e07000 	C:\WINDOWS\System32\win32u.dll
0x00007fffd6160000 - 0x00007fffd63f0000 	C:\WINDOWS\WinSxS\amd64_microsoft.windows.common-controls_6595b64144ccf1df_6.0.26100.3037_none_3e09262ce333c378\COMCTL32.dll
0x00007ffff5340000 - 0x00007ffff536a000 	C:\WINDOWS\System32\GDI32.dll
0x00007ffff4ac0000 - 0x00007ffff4b69000 	C:\WINDOWS\System32\msvcrt.dll
0x00007ffff3020000 - 0x00007ffff314b000 	C:\WINDOWS\System32\gdi32full.dll
0x00007ffff2960000 - 0x00007ffff2a03000 	C:\WINDOWS\System32\msvcp_win.dll
0x00007ffff34b0000 - 0x00007ffff34df000 	C:\WINDOWS\System32\IMM32.DLL
0x00007fffed940000 - 0x00007fffed94c000 	C:\Users\Jace\.jdks\openjdk-23\bin\vcruntime140_1.dll
0x00007fff22340000 - 0x00007fff223ce000 	C:\Users\Jace\.jdks\openjdk-23\bin\msvcp140.dll
0x00007ffefbb60000 - 0x00007ffefc8af000 	C:\Users\Jace\.jdks\openjdk-23\bin\server\jvm.dll
0x00007ffff5180000 - 0x00007ffff5234000 	C:\WINDOWS\System32\ADVAPI32.dll
0x00007ffff47f0000 - 0x00007ffff4896000 	C:\WINDOWS\System32\sechost.dll
0x00007ffff32b0000 - 0x00007ffff33c6000 	C:\WINDOWS\System32\RPCRT4.dll
0x00007ffff4540000 - 0x00007ffff45b4000 	C:\WINDOWS\System32\WS2_32.dll
0x00007ffff14a0000 - 0x00007ffff14ee000 	C:\WINDOWS\SYSTEM32\POWRPROF.dll
0x00007fffebab0000 - 0x00007fffebabb000 	C:\WINDOWS\SYSTEM32\VERSION.dll
0x00007fffe2a60000 - 0x00007fffe2a96000 	C:\WINDOWS\SYSTEM32\WINMM.dll
0x00007ffff1480000 - 0x00007ffff1494000 	C:\WINDOWS\SYSTEM32\UMPDC.dll
0x00007ffff1720000 - 0x00007ffff173a000 	C:\WINDOWS\SYSTEM32\kernel.appcore.dll
0x00007fffe1440000 - 0x00007fffe144a000 	C:\Users\Jace\.jdks\openjdk-23\bin\jimage.dll
0x00007ffff0110000 - 0x00007ffff0351000 	C:\WINDOWS\SYSTEM32\DBGHELP.DLL
0x00007ffff3f00000 - 0x00007ffff427e000 	C:\WINDOWS\System32\combase.dll
0x00007ffff33d0000 - 0x00007ffff34a6000 	C:\WINDOWS\System32\OLEAUT32.dll
0x00007fffd6490000 - 0x00007fffd64c9000 	C:\WINDOWS\SYSTEM32\dbgcore.DLL
0x00007ffff31e0000 - 0x00007ffff3279000 	C:\WINDOWS\System32\bcryptPrimitives.dll
0x00007fffdaab0000 - 0x00007fffdaaec000 	C:\Users\Jace\.jdks\openjdk-23\bin\jdwp.dll
0x00007fffc09c0000 - 0x00007fffc0bce000 	C:\Users\Jace\AppData\Local\Temp\idea_libasyncProfiler_dll_temp_folder\libasyncProfiler.dll
0x00007fffde280000 - 0x00007fffde28f000 	C:\Users\Jace\.jdks\openjdk-23\bin\instrument.dll
0x00007fffd3860000 - 0x00007fffd387e000 	C:\Users\Jace\.jdks\openjdk-23\bin\java.dll
0x00007ffff45c0000 - 0x00007ffff4755000 	C:\WINDOWS\System32\ole32.dll
0x00007ffff3790000 - 0x00007ffff3e94000 	C:\WINDOWS\System32\SHELL32.dll
0x00007fffd19a0000 - 0x00007fffd19b7000 	C:\Users\Jace\.jdks\openjdk-23\bin\zip.dll
0x00007ffff0540000 - 0x00007ffff0d77000 	C:\WINDOWS\SYSTEM32\windows.storage.dll
0x00007ffff4970000 - 0x00007ffff4a59000 	C:\WINDOWS\System32\SHCORE.dll
0x00007ffff3ea0000 - 0x00007ffff3efd000 	C:\WINDOWS\System32\shlwapi.dll
0x00007ffff26f0000 - 0x00007ffff271e000 	C:\WINDOWS\SYSTEM32\profapi.dll
0x00007fff0f1a0000 - 0x00007fff0f277000 	C:\Users\Jace\.jdks\openjdk-23\bin\jsvml.dll
0x00007fffdd070000 - 0x00007fffdd07c000 	C:\Users\Jace\.jdks\openjdk-23\bin\dt_socket.dll
0x00007ffff1130000 - 0x00007ffff1162000 	C:\WINDOWS\SYSTEM32\IPHLPAPI.DLL
0x00007ffff1c30000 - 0x00007ffff1c9a000 	C:\WINDOWS\system32\mswsock.dll
0x00007fffda530000 - 0x00007fffda540000 	C:\Users\Jace\.jdks\openjdk-23\bin\net.dll
0x00007fffd32c0000 - 0x00007fffd32d6000 	C:\Users\Jace\.jdks\openjdk-23\bin\nio.dll
0x00007fffd02f0000 - 0x00007fffd0300000 	C:\Users\Jace\.jdks\openjdk-23\bin\verify.dll
0x00007fffc92d0000 - 0x00007fffc9345000 	C:\Users\Jace\AppData\Local\Temp\lwjglJace\3.3.1-build-7\lwjgl.dll
0x00007fffc9570000 - 0x00007fffc95d1000 	C:\Users\Jace\AppData\Local\Temp\lwjglJace\3.3.1-build-7\glfw.dll

dbghelp: loaded successfully - version: 4.0.5 - missing functions: none
symbol engine: initialized successfully - sym options: 0x614 - pdb path: .;C:\Users\Jace\.jdks\openjdk-23\bin;C:\WINDOWS\SYSTEM32;C:\WINDOWS\WinSxS\amd64_microsoft.windows.common-controls_6595b64144ccf1df_6.0.26100.3037_none_3e09262ce333c378;C:\Users\Jace\.jdks\openjdk-23\bin\server;C:\Users\Jace\AppData\Local\Temp\idea_libasyncProfiler_dll_temp_folder;C:\Users\Jace\AppData\Local\Temp\lwjglJace\3.3.1-build-7

VM Arguments:
jvm_args: -agentlib:jdwp=transport=dt_socket,address=127.0.0.1:50400,suspend=y,server=n -agentpath:C:\Users\Jace\AppData\Local\Temp\idea_libasyncProfiler_dll_temp_folder\libasyncProfiler.dll=version,jfr,event=wall,interval=10ms,cstack=no,file=C:\Users\Jace\IdeaSnapshots\Structure1_3D_2025_03_07_154506.jfr,dbghelppath=C:\Users\Jace\AppData\Local\Temp\idea_dbghelp_dll_temp_folder\dbghelp.dll,log=C:\Users\Jace\AppData\Local\Temp\Structure1_3D_2025_03_07_154506.jfr.log.txt,logLevel=DEBUG -javaagent:C:\Users\Jace\AppData\Local\JetBrains\IntelliJIdea2024.3\captureAgent\debugger-agent.jar -Dkotlinx.coroutines.debug.enable.creation.stack.trace=false -Ddebugger.agent.enable.coroutines=true -Dkotlinx.coroutines.debug.enable.flows.stack.trace=true -Dkotlinx.coroutines.debug.enable.mutable.state.flows.stack.trace=true -Dfile.encoding=UTF-8 -Dsun.stdout.encoding=UTF-8 -Dsun.stderr.encoding=UTF-8 
java_command: org.lwjgl.demo.opengl.Structure1_3D
java_class_path (initial): C:\Users\Jace\IdeaProjects\opengl-student\target\classes;C:\Users\Jace\.m2\repository\org\lwjgl\lwjgl\3.3.1\lwjgl-3.3.1.jar;C:\Users\Jace\.m2\repository\org\lwjgl\lwjgl-assimp\3.3.1\lwjgl-assimp-3.3.1.jar;C:\Users\Jace\.m2\repository\org\lwjgl\lwjgl-glfw\3.3.1\lwjgl-glfw-3.3.1.jar;C:\Users\Jace\.m2\repository\org\lwjgl\lwjgl-openal\3.3.1\lwjgl-openal-3.3.1.jar;C:\Users\Jace\.m2\repository\org\lwjgl\lwjgl-opengl\3.3.1\lwjgl-opengl-3.3.1.jar;C:\Users\Jace\.m2\repository\org\lwjgl\lwjgl-stb\3.3.1\lwjgl-stb-3.3.1.jar;C:\Users\Jace\.m2\repository\org\lwjgl\lwjgl\3.3.1\lwjgl-3.3.1-natives-windows.jar;C:\Users\Jace\.m2\repository\org\lwjgl\lwjgl-assimp\3.3.1\lwjgl-assimp-3.3.1-natives-windows.jar;C:\Users\Jace\.m2\repository\org\lwjgl\lwjgl-glfw\3.3.1\lwjgl-glfw-3.3.1-natives-windows.jar;C:\Users\Jace\.m2\repository\org\lwjgl\lwjgl-openal\3.3.1\lwjgl-openal-3.3.1-natives-windows.jar;C:\Users\Jace\.m2\repository\org\lwjgl\lwjgl-opengl\3.3.1\lwjgl-opengl-3.3.1-natives-windows.jar;C:\Users\Jace\.m2\repository\org\lwjgl\lwjgl-stb\3.3.1\lwjgl-stb-3.3.1-natives-windows.jar;C:\Users\Jace\.m2\repository\org\joml\joml\1.10.4\joml-1.10.4.jar;C:\Users\Jace\AppData\Local\Programs\IntelliJ IDEA Ultimate\lib\idea_rt.jar
Launcher Type: SUN_STANDARD

[Global flags]
     intx CICompilerCount                          = 12                                        {product} {ergonomic}
     uint ConcGCThreads                            = 3                                         {product} {ergonomic}
     uint G1ConcRefinementThreads                  = 13                                        {product} {ergonomic}
   size_t G1HeapRegionSize                         = 4194304                                   {product} {ergonomic}
   size_t InitialHeapSize                          = 536870912                                 {product} {ergonomic}
   size_t MarkStackSize                            = 4194304                                   {product} {ergonomic}
   size_t MarkStackSizeMax                         = 536870912                                 {product} {ergonomic}
   size_t MaxHeapSize                              = 8573157376                                {product} {ergonomic}
   size_t MaxNewSize                               = 5142216704                                {product} {ergonomic}
   size_t MinHeapDeltaBytes                        = 4194304                                   {product} {ergonomic}
   size_t MinHeapSize                              = 8388608                                   {product} {ergonomic}
    uintx NonNMethodCodeHeapSize                   = 7602176                                {pd product} {ergonomic}
    uintx NonProfiledCodeHeapSize                  = 122093568                              {pd product} {ergonomic}
    uintx ProfiledCodeHeapSize                     = 121962496                              {pd product} {ergonomic}
    uintx ReservedCodeCacheSize                    = 251658240                              {pd product} {ergonomic}
     bool SegmentedCodeCache                       = true                                      {product} {ergonomic}
   size_t SoftMaxHeapSize                          = 8573157376                             {manageable} {ergonomic}
     bool UseCompressedOops                        = true                           {product lp64_product} {ergonomic}
     bool UseG1GC                                  = true                                      {product} {ergonomic}
     bool UseLargePagesIndividualAllocation        = false                                  {pd product} {ergonomic}

Logging:
Log output configuration:
 #0: stdout all=warning uptime,level,tags foldmultilines=false
 #1: stderr all=off uptime,level,tags foldmultilines=false

Environment Variables:
PATH=C:\Program Files (x86)\Common Files\Oracle\Java\java8path;C:\Program Files (x86)\Common Files\Oracle\Java\javapath;C:\Program Files (x86)\Eclipse Adoptium\jdk-17.0.8.101-hotspot\bin;C:\Program Files\Oculus\Support\oculus-runtime;C:\Windows\system32;C:\Windows;C:\Windows\System32\Wbem;C:\Windows\System32\WindowsPowerShell\v1.0\;C:\Windows\System32\OpenSSH\;C:\Program Files\NVIDIA Corporation\NVIDIA NvDLISR;C:\Program Files (x86)\NVIDIA Corporation\PhysX\Common;C:\Program Files\Go\bin;C:\Program Files\dotnet\;C:\Users\Jace\mongosh\bin;C:\Program Files\Git\cmd;C:\WINDOWS\system32;C:\WINDOWS;C:\WINDOWS\System32\Wbem;C:\WINDOWS\System32\WindowsPowerShell\v1.0\;C:\WINDOWS\System32\OpenSSH\;%NVM_HOME%;%NVM_SYMLINK%;C:\Program Files\Docker\Docker\resources\bin;C:\Users\Jace\AppData\Local\Programs\Python\Python310\Scripts\;C:\Users\Jace\AppData\Local\Programs\Python\Python310\;C:\Users\Jace\AppData\Local\Microsoft\WindowsApps;C:\Users\Jace\AppData\Local\Programs\Microsoft VS Code\bin;C:\Users\Jace\go\bin;C:\Users\Jace\AppData\Local\GitHubDesktop\bin;C:\Users\Jace\AppData\Local\JetBrains\Toolbox\scripts;C:\Users\Jace\AppData\Local\Microsoft\WindowsApps;C:\Users\Jace\AppData\Roaming\nvm;C:\Program Files\nodejs;
USERNAME=Jace
OS=Windows_NT
PROCESSOR_IDENTIFIER=AMD64 Family 23 Model 113 Stepping 0, AuthenticAMD
TMP=C:\Users\Jace\AppData\Local\Temp
TEMP=C:\Users\Jace\AppData\Local\Temp




Periodic native trim disabled

---------------  S Y S T E M  ---------------

OS:
 Windows 11 , 64 bit Build 26100 (10.0.26100.3037)
OS uptime: 5 days 6:36 hours

CPU: total 16 (initial active 16) (16 cores per cpu, 2 threads per core) family 23 model 113 stepping 0 microcode 0x8701021, cx8, cmov, fxsr, ht, mmx, 3dnowpref, sse, sse2, sse3, ssse3, sse4a, sse4.1, sse4.2, popcnt, lzcnt, tsc, tscinvbit, avx, avx2, aes, clmul, bmi1, bmi2, adx, sha, fma, vzeroupper, clflush, clflushopt, rdtscp, rdpid, f16c
Processor Information for the first 16 processors :
  Max Mhz: 4200, Current Mhz: 4200, Mhz Limit: 4200

Memory: 4k page, system-wide physical 32689M (17810M free)
TotalPageFile size 38833M (AvailPageFile size 11273M)
current process WorkingSet (physical memory assigned to process): 65M, peak: 65M
current process commit charge ("private bytes"): 638M, peak: 638M

vm_info: OpenJDK 64-Bit Server VM (23+37-2369) for windows-amd64 JRE (23+37-2369), built on 2024-08-20T16:01:23Z with MS VC++ 17.6 (VS2022)

END.
